Using pre-set license
Built from '2020.3/staging' branch; Version is '2020.3.19f1 (68f137dc9bbe) revision 6877495'; Using compiler version '192528614'; Build Type 'Release'
OS: 'Windows 10 Home; OS build 19042.1348; Version 2009; 64bit' Language: 'ja' Physical Memory: 16205 MB
BatchMode: 1, IsHumanControllingUs: 0, StartBugReporterOnCrash: 0, Is64bit: 1, IsPro: 0

COMMAND LINE ARGUMENTS:
C:\Program Files\Unity\Hub\Editor\2020.3.19f1\Editor\Unity.exe
-adb2
-batchMode
-noUpm
-name
AssetImportWorker0
-projectPath
C:/Users/GA3/Downloads/FukuokaGame/FukuokaGame/Paz
-logFile
Logs/AssetImportWorker0.log
-srvPort
53474
Successfully changed project path to: C:/Users/GA3/Downloads/FukuokaGame/FukuokaGame/Paz
C:/Users/GA3/Downloads/FukuokaGame/FukuokaGame/Paz
Using Asset Import Pipeline V2.
Refreshing native plugins compatible for Editor in 24.61 ms, found 2 plugins.
Preloading 0 native plugins for Editor in 0.00 ms.
Initialize engine version: 2020.3.19f1 (68f137dc9bbe)
[Subsystems] Discovering subsystems at path C:/Program Files/Unity/Hub/Editor/2020.3.19f1/Editor/Data/Resources/UnitySubsystems
[Subsystems] Discovering subsystems at path C:/Users/GA3/Downloads/FukuokaGame/FukuokaGame/Paz/Assets
GfxDevice: creating device client; threaded=0
Direct3D:
    Version:  Direct3D 11.0 [level 11.1]
    Renderer: NVIDIA GeForce RTX 3060 Laptop GPU (ID=0x2520)
    Vendor:   
    VRAM:     6023 MB
    Driver:   27.21.14.6611
Initialize mono
Mono path[0] = 'C:/Program Files/Unity/Hub/Editor/2020.3.19f1/Editor/Data/Managed'
Mono path[1] = 'C:/Program Files/Unity/Hub/Editor/2020.3.19f1/Editor/Data/MonoBleedingEdge/lib/mono/unityjit'
Mono config path = 'C:/Program Files/Unity/Hub/Editor/2020.3.19f1/Editor/Data/MonoBleedingEdge/etc'
Using monoOptions --debugger-agent=transport=dt_socket,embedding=1,server=y,suspend=n,address=127.0.0.1:56720
Begin MonoManager ReloadAssembly
Registering precompiled unity dll's ...
Register platform support module: C:/Program Files/Unity/Hub/Editor/2020.3.19f1/Editor/Data/PlaybackEngines/WindowsStandaloneSupport/UnityEditor.WindowsStandalone.Extensions.dll
Registered in 0.001865 seconds.
Native extension for WindowsStandalone target not found
Refreshing native plugins compatible for Editor in 23.79 ms, found 2 plugins.
Preloading 0 native plugins for Editor in 0.00 ms.
Mono: successfully reloaded assembly
- Completed reload, in  1.632 seconds
Domain Reload Profiling:
	ReloadAssembly (1632ms)
		BeginReloadAssembly (44ms)
			ExecutionOrderSort (0ms)
			DisableScriptedObjects (0ms)
			BackupInstance (0ms)
			ReleaseScriptingObjects (0ms)
			CreateAndSetChildDomain (1ms)
		EndReloadAssembly (347ms)
			LoadAssemblies (42ms)
			RebuildTransferFunctionScriptingTraits (0ms)
			SetupTypeCache (128ms)
			ReleaseScriptCaches (0ms)
			RebuildScriptCaches (26ms)
			SetupLoadedEditorAssemblies (128ms)
				LogAssemblyErrors (0ms)
				InitializePlatformSupportModulesInManaged (3ms)
				SetLoadedEditorAssemblies (0ms)
				RefreshPlugins (24ms)
				BeforeProcessingInitializeOnLoad (14ms)
				ProcessInitializeOnLoadAttributes (63ms)
				ProcessInitializeOnLoadMethodAttributes (23ms)
				AfterProcessingInitializeOnLoad (0ms)
				EditorAssembliesLoaded (0ms)
			ExecutionOrderSort2 (0ms)
			AwakeInstancesAfterBackupRestoration (0ms)
Platform modules already initialized, skipping
Registering precompiled user dll's ...
Registered in 0.002394 seconds.
Begin MonoManager ReloadAssembly
Native extension for WindowsStandalone target not found
Refreshing native plugins compatible for Editor in 0.25 ms, found 2 plugins.
Preloading 0 native plugins for Editor in 0.00 ms.
Mono: successfully reloaded assembly
- Completed reload, in  0.828 seconds
Domain Reload Profiling:
	ReloadAssembly (828ms)
		BeginReloadAssembly (124ms)
			ExecutionOrderSort (0ms)
			DisableScriptedObjects (4ms)
			BackupInstance (0ms)
			ReleaseScriptingObjects (0ms)
			CreateAndSetChildDomain (15ms)
		EndReloadAssembly (651ms)
			LoadAssemblies (69ms)
			RebuildTransferFunctionScriptingTraits (0ms)
			SetupTypeCache (223ms)
			ReleaseScriptCaches (0ms)
			RebuildScriptCaches (35ms)
			SetupLoadedEditorAssemblies (246ms)
				LogAssemblyErrors (0ms)
				InitializePlatformSupportModulesInManaged (4ms)
				SetLoadedEditorAssemblies (0ms)
				RefreshPlugins (0ms)
				BeforeProcessingInitializeOnLoad (64ms)
				ProcessInitializeOnLoadAttributes (167ms)
				ProcessInitializeOnLoadMethodAttributes (4ms)
				AfterProcessingInitializeOnLoad (6ms)
				EditorAssembliesLoaded (0ms)
			ExecutionOrderSort2 (0ms)
			AwakeInstancesAfterBackupRestoration (6ms)
Platform modules already initialized, skipping
========================================================================
Worker process is ready to serve import requests
Launched and connected shader compiler UnityShaderCompiler.exe after 0.06 seconds
Refreshing native plugins compatible for Editor in 0.25 ms, found 2 plugins.
Preloading 0 native plugins for Editor in 0.00 ms.
Unloading 1417 Unused Serialized files (Serialized files now loaded: 0)
System memory in use before: 68.5 MB.
System memory in use after: 68.6 MB.

Unloading 16 unused Assets to reduce memory usage. Loaded Objects now: 1856.
Total: 2.173400 ms (FindLiveObjects: 0.124400 ms CreateObjectMapping: 0.041300 ms MarkObjects: 1.957200 ms  DeleteObjects: 0.049900 ms)

AssetImportParameters requested are different than current active one (requested -> active):
  custom:framework-win-MediaFoundation: 216162199b28c13a410421893ffa2e32 -> 
  custom:video-decoder-ogg-theora: a1e56fd34408186e4bbccfd4996cb3dc -> 
  custom:container-muxer-webm: aa71ff27fc2769a1b78a27578f13a17b -> 
  custom:container-demuxer-webm: 4f35f7cbe854078d1ac9338744f61a02 -> 
  custom:container-demuxer-ogg: 62fdf1f143b41e24485cea50d1cbac27 -> 
  custom:video-encoder-webm-vp8: eb34c28f22e8b96e1ab97ce403110664 -> 
  custom:video-decoder-webm-vp8: 9c59270c3fd7afecdb556c50c9e8de78 -> 
  custom:audio-decoder-ogg-vorbis: bf7c407c2cedff20999df2af8eb42d56 -> 
  custom:audio-encoder-webm-vorbis: bf7c407c2cedff20999df2af8eb42d56 -> 
========================================================================
Received Import Request.
  path: Assets/Scenes/Prefabs/Plane 1.prefab
  artifactKey: Guid(ccf6d4ab16a8c3e4783fd57a04ccb069) Importer(815301076,1909f56bfc062723c751e8b465ee728b)
Start importing Assets/Scenes/Prefabs/Plane 1.prefab using Guid(ccf6d4ab16a8c3e4783fd57a04ccb069) Importer(815301076,1909f56bfc062723c751e8b465ee728b)  -> (artifact id: 'bbeff9b406a4c58b1813ec10e9ba3fea') in 0.080760 seconds 
  Import took 0.082760 seconds .

========================================================================
Received Import Request.
  Time since last request: 0.000207 seconds.
  path: Assets/Scenes/Prefabs/LoadingBar.prefab
  artifactKey: Guid(de6796b87d4093a4191e31e4af45c497) Importer(815301076,1909f56bfc062723c751e8b465ee728b)
Start importing Assets/Scenes/Prefabs/LoadingBar.prefab using Guid(de6796b87d4093a4191e31e4af45c497) Importer(815301076,1909f56bfc062723c751e8b465ee728b)  -> (artifact id: '7f0864e9a27f8a519bccb588fb84f5a7') in 0.017329 seconds 
  Import took 0.019292 seconds .

========================================================================
Received Import Request.
  Time since last request: 0.000204 seconds.
  path: Assets/Scenes/Material/PlaneMate.mat
  artifactKey: Guid(2b73fea06005cf34fb865a4d4c7e7029) Importer(815301076,1909f56bfc062723c751e8b465ee728b)
Start importing Assets/Scenes/Material/PlaneMate.mat using Guid(2b73fea06005cf34fb865a4d4c7e7029) Importer(815301076,1909f56bfc062723c751e8b465ee728b)  -> (artifact id: '3ee27e410c463598f70421ba65f9ce39') in 0.040288 seconds 
  Import took 0.042231 seconds .

========================================================================
Received Import Request.
  Time since last request: 0.000206 seconds.
  path: Assets/Scenes/Main/LightingData.asset
  artifactKey: Guid(7297d6333ba7cba42b07e5c501824d57) Importer(815301076,1909f56bfc062723c751e8b465ee728b)
Start importing Assets/Scenes/Main/LightingData.asset using Guid(7297d6333ba7cba42b07e5c501824d57) Importer(815301076,1909f56bfc062723c751e8b465ee728b)  -> (artifact id: '4d8562894fbf0b760dace3a2e35a7adb') in 0.008222 seconds 
  Import took 0.010507 seconds .

========================================================================
Received Import Request.
  Time since last request: 0.000240 seconds.
  path: Assets/Scenes/Prefabs/Gamesystem.prefab
  artifactKey: Guid(fe7e3c31759f24a40b6e7c2cb9ffb4c6) Importer(815301076,1909f56bfc062723c751e8b465ee728b)
Start importing Assets/Scenes/Prefabs/Gamesystem.prefab using Guid(fe7e3c31759f24a40b6e7c2cb9ffb4c6) Importer(815301076,1909f56bfc062723c751e8b465ee728b)  -> (artifact id: 'fc9feb6dfabc9f6c3f9517f64e694349') in 0.007729 seconds 
  Import took 0.009794 seconds .

========================================================================
Received Import Request.
  Time since last request: 0.000231 seconds.
  path: Assets/Scenes/Prefabs/EventSystem.prefab
  artifactKey: Guid(690688bf2a6f3ab438094cfacafc1beb) Importer(815301076,1909f56bfc062723c751e8b465ee728b)
Start importing Assets/Scenes/Prefabs/EventSystem.prefab using Guid(690688bf2a6f3ab438094cfacafc1beb) Importer(815301076,1909f56bfc062723c751e8b465ee728b)  -> (artifact id: '6e6ab0ef36202a887699b91fe53ee42c') in 0.009963 seconds 
  Import took 0.012314 seconds .

========================================================================
Received Import Request.
  Time since last request: 0.000239 seconds.
  path: Assets/Scenes/Main/ReflectionProbe-0.exr
  artifactKey: Guid(98c0ccf308dd22c4881d4dfcd43a353a) Importer(815301076,1909f56bfc062723c751e8b465ee728b)
Start importing Assets/Scenes/Main/ReflectionProbe-0.exr using Guid(98c0ccf308dd22c4881d4dfcd43a353a) Importer(815301076,1909f56bfc062723c751e8b465ee728b)  -> (artifact id: '97bd521c44506b6d56d81bdfd894dc5a') in 0.018617 seconds 
  Import took 0.020591 seconds .

========================================================================
Received Import Request.
  Time since last request: 0.000202 seconds.
  path: Assets/Scenes/Prefabs/TitleWindow.prefab
  artifactKey: Guid(addd8d4ec55abdf45980011540a2e3b8) Importer(815301076,1909f56bfc062723c751e8b465ee728b)
Start importing Assets/Scenes/Prefabs/TitleWindow.prefab using Guid(addd8d4ec55abdf45980011540a2e3b8) Importer(815301076,1909f56bfc062723c751e8b465ee728b)  -> (artifact id: '26d85ed3f1f3a4cb6863b6c5acde623b') in 0.013828 seconds 
  Import took 0.015869 seconds .

========================================================================
Received Prepare
Refreshing native plugins compatible for Editor in 2.65 ms, found 2 plugins.
Preloading 0 native plugins for Editor in 0.00 ms.
Unloading 9 Unused Serialized files (Serialized files now loaded: 0)
System memory in use before: 44.7 MB.
System memory in use after: 44.8 MB.

Unloading 11 unused Assets to reduce memory usage. Loaded Objects now: 1902.
Total: 2.890300 ms (FindLiveObjects: 0.124300 ms CreateObjectMapping: 0.038900 ms MarkObjects: 2.705500 ms  DeleteObjects: 0.020800 ms)

AssetImportParameters requested are different than current active one (requested -> active):
  custom:framework-win-MediaFoundation: 216162199b28c13a410421893ffa2e32 -> 
  custom:video-decoder-ogg-theora: a1e56fd34408186e4bbccfd4996cb3dc -> 
  custom:container-muxer-webm: aa71ff27fc2769a1b78a27578f13a17b -> 
  custom:container-demuxer-webm: 4f35f7cbe854078d1ac9338744f61a02 -> 
  custom:container-demuxer-ogg: 62fdf1f143b41e24485cea50d1cbac27 -> 
  custom:video-encoder-webm-vp8: eb34c28f22e8b96e1ab97ce403110664 -> 
  custom:video-decoder-webm-vp8: 9c59270c3fd7afecdb556c50c9e8de78 -> 
  custom:audio-decoder-ogg-vorbis: bf7c407c2cedff20999df2af8eb42d56 -> 
  custom:audio-encoder-webm-vorbis: bf7c407c2cedff20999df2af8eb42d56 -> 
========================================================================
Received Import Request.
  Time since last request: 176.247383 seconds.
  path: Assets/Scenes/Script/GameEnd.cs
  artifactKey: Guid(cc9fa57d930a5834d91f4ca1813e004a) Importer(815301076,1909f56bfc062723c751e8b465ee728b)
Start importing Assets/Scenes/Script/GameEnd.cs using Guid(cc9fa57d930a5834d91f4ca1813e004a) Importer(815301076,1909f56bfc062723c751e8b465ee728b)  -> (artifact id: '436f738e5e04fa9652871a60dad2dfbf') in 0.007050 seconds 
  Import took 0.009402 seconds .

========================================================================
Received Import Request.
  Time since last request: 99.955939 seconds.
  path: Assets/Scenes/Prefabs/Cube.prefab
  artifactKey: Guid(2ff2df2c096bb644aa292c01c91cca8e) Importer(815301076,1909f56bfc062723c751e8b465ee728b)
Start importing Assets/Scenes/Prefabs/Cube.prefab using Guid(2ff2df2c096bb644aa292c01c91cca8e) Importer(815301076,1909f56bfc062723c751e8b465ee728b)  -> (artifact id: 'e9c1d08a8adc87d414315451d22d5be3') in 0.014506 seconds 
  Import took 0.016730 seconds .

========================================================================
Received Import Request.
  Time since last request: 12.595304 seconds.
  path: Assets/Scenes/Prefabs/Stage.prefab
  artifactKey: Guid(ad8ef286fdcc2b24cba89a330e0d0291) Importer(815301076,1909f56bfc062723c751e8b465ee728b)
Start importing Assets/Scenes/Prefabs/Stage.prefab using Guid(ad8ef286fdcc2b24cba89a330e0d0291) Importer(815301076,1909f56bfc062723c751e8b465ee728b)  -> (artifact id: '502eb98e6f4cb7654a2cf222e44f57e8') in 0.012576 seconds 
  Import took 0.015086 seconds .

AssetImportWorkerClient::OnTransportError - code=2 error=End of file
